<?xml version="1.0" encoding="UTF-8"?>
<testng-results ignored="0" total="1" passed="1" failed="0" skipped="0">
  <reporter-output>
  </reporter-output>
  <suite started-at="2022-08-22T02:46:27Z" name="Default suite" finished-at="2022-08-22T02:46:32Z" duration-ms="5227">
    <groups>
    </groups>
    <test started-at="2022-08-22T02:46:27Z" name="Default test" finished-at="2022-08-22T02:46:32Z" duration-ms="5227">
      <class name="initialSanityTest.G6Home">
        <test-method signature="errorLoginTest()[pri:0, instance:initialSanityTest.G6Home@63eef88a]" started-at="2022-08-22T02:46:27Z" name="errorLoginTest" finished-at="2022-08-22T02:46:32Z" duration-ms="5212" status="PASS">
          <reporter-output>
          </reporter-output>
        </test-method> <!-- errorLoginTest -->
      </class> <!-- initialSanityTest.G6Home -->
    </test> <!-- Default test -->
  </suite> <!-- Default suite -->
</testng-results>
