<?xml version="1.0" encoding="UTF-8"?>
<testng-results ignored="0" total="1" passed="1" failed="0" skipped="0">
  <reporter-output>
  </reporter-output>
  <suite started-at="2022-08-17T02:43:24Z" name="Default suite" finished-at="2022-08-17T02:43:27Z" duration-ms="2545">
    <groups>
    </groups>
    <test started-at="2022-08-17T02:43:24Z" name="Default test" finished-at="2022-08-17T02:43:27Z" duration-ms="2545">
      <class name="g5homePage.G5HomePage">
        <test-method signature="buildingTestMethod()[pri:0, instance:g5homePage.G5HomePage@76b1e9b8]" started-at="2022-08-17T02:43:24Z" name="buildingTestMethod" finished-at="2022-08-17T02:43:27Z" duration-ms="2530" status="PASS">
          <reporter-output>
          </reporter-output>
        </test-method> <!-- buildingTestMethod -->
      </class> <!-- g5homePage.G5HomePage -->
    </test> <!-- Default test -->
  </suite> <!-- Default suite -->
</testng-results>
